error: uncaughtException: msg is not defined
ReferenceError: msg is not defined
    at getMsg (F:\study\test\webHook\utils\winston.js:88:3)
    at Logger.info (F:\study\test\webHook\utils\winston.js:98:24)
    at Object.<anonymous> (F:\study\test\webHook\main.js:7:5)
    at Module._compile (node:internal/modules/cjs/loader:1256:14)
    at Module._extensions..js (node:internal/modules/cjs/loader:1310:10)
    at Module.load (node:internal/modules/cjs/loader:1119:32)
    at Module._load (node:internal/modules/cjs/loader:960:12)
    at Function.executeUserEntryPoint [as runMain] (node:internal/modules/run_main:81:12)
    at node:internal/main/run_main_module:23:47 {"date":"Sun Apr 28 2024 11:28:28 GMT+0800 (中国标准时间)","error":{},"exception":true,"os":{"loadavg":[0,0,0],"uptime":352827.734},"process":{"argv":["D:\\ProgramFiles\\nvm\\nodejs\\node.exe","F:\\study\\test\\webHook\\main.js"],"cwd":"F:\\study\\test\\webHook","execPath":"D:\\ProgramFiles\\nvm\\nodejs\\node.exe","gid":null,"memoryUsage":{"arrayBuffers":287926,"external":1052068,"heapTotal":13221888,"heapUsed":10507728,"rss":44343296},"pid":8468,"uid":null,"version":"v18.17.1"},"stack":"ReferenceError: msg is not defined\n    at getMsg (F:\\study\\test\\webHook\\utils\\winston.js:88:3)\n    at Logger.info (F:\\study\\test\\webHook\\utils\\winston.js:98:24)\n    at Object.<anonymous> (F:\\study\\test\\webHook\\main.js:7:5)\n    at Module._compile (node:internal/modules/cjs/loader:1256:14)\n    at Module._extensions..js (node:internal/modules/cjs/loader:1310:10)\n    at Module.load (node:internal/modules/cjs/loader:1119:32)\n    at Module._load (node:internal/modules/cjs/loader:960:12)\n    at Function.executeUserEntryPoint [as runMain] (node:internal/modules/run_main:81:12)\n    at node:internal/main/run_main_module:23:47","trace":[{"column":3,"file":"F:\\study\\test\\webHook\\utils\\winston.js","function":"getMsg","line":88,"method":null,"native":false},{"column":24,"file":"F:\\study\\test\\webHook\\utils\\winston.js","function":"Logger.info","line":98,"method":"info","native":false},{"column":5,"file":"F:\\study\\test\\webHook\\main.js","function":null,"line":7,"method":null,"native":false},{"column":14,"file":"node:internal/modules/cjs/loader","function":"Module._compile","line":1256,"method":"_compile","native":false},{"column":10,"file":"node:internal/modules/cjs/loader","function":"Module._extensions..js","line":1310,"method":".js","native":false},{"column":32,"file":"node:internal/modules/cjs/loader","function":"Module.load","line":1119,"method":"load","native":false},{"column":12,"file":"node:internal/modules/cjs/loader","function":"Module._load","line":960,"method":"_load","native":false},{"column":12,"file":"node:internal/modules/run_main","function":"Function.executeUserEntryPoint [as runMain]","line":81,"method":"executeUserEntryPoint [as runMain]","native":false},{"column":47,"file":"node:internal/main/run_main_module","function":null,"line":23,"method":null,"native":false}]}
error: uncaughtException: msg is not defined
ReferenceError: msg is not defined
    at getMsg (F:\study\test\webHook\utils\winston.js:88:3)
    at Logger.info (F:\study\test\webHook\utils\winston.js:98:24)
    at Object.<anonymous> (F:\study\test\webHook\main.js:7:5)
    at Module._compile (node:internal/modules/cjs/loader:1256:14)
    at Module._extensions..js (node:internal/modules/cjs/loader:1310:10)
    at Module.load (node:internal/modules/cjs/loader:1119:32)
    at Module._load (node:internal/modules/cjs/loader:960:12)
    at Function.executeUserEntryPoint [as runMain] (node:internal/modules/run_main:81:12)
    at node:internal/main/run_main_module:23:47 {"date":"Sun Apr 28 2024 11:28:35 GMT+0800 (中国标准时间)","error":{},"exception":true,"os":{"loadavg":[0,0,0],"uptime":352834.531},"process":{"argv":["D:\\ProgramFiles\\nvm\\nodejs\\node.exe","F:\\study\\test\\webHook\\main.js"],"cwd":"F:\\study\\test\\webHook","execPath":"D:\\ProgramFiles\\nvm\\nodejs\\node.exe","gid":null,"memoryUsage":{"arrayBuffers":287926,"external":1052068,"heapTotal":13221888,"heapUsed":10526632,"rss":44531712},"pid":17192,"uid":null,"version":"v18.17.1"},"stack":"ReferenceError: msg is not defined\n    at getMsg (F:\\study\\test\\webHook\\utils\\winston.js:88:3)\n    at Logger.info (F:\\study\\test\\webHook\\utils\\winston.js:98:24)\n    at Object.<anonymous> (F:\\study\\test\\webHook\\main.js:7:5)\n    at Module._compile (node:internal/modules/cjs/loader:1256:14)\n    at Module._extensions..js (node:internal/modules/cjs/loader:1310:10)\n    at Module.load (node:internal/modules/cjs/loader:1119:32)\n    at Module._load (node:internal/modules/cjs/loader:960:12)\n    at Function.executeUserEntryPoint [as runMain] (node:internal/modules/run_main:81:12)\n    at node:internal/main/run_main_module:23:47","trace":[{"column":3,"file":"F:\\study\\test\\webHook\\utils\\winston.js","function":"getMsg","line":88,"method":null,"native":false},{"column":24,"file":"F:\\study\\test\\webHook\\utils\\winston.js","function":"Logger.info","line":98,"method":"info","native":false},{"column":5,"file":"F:\\study\\test\\webHook\\main.js","function":null,"line":7,"method":null,"native":false},{"column":14,"file":"node:internal/modules/cjs/loader","function":"Module._compile","line":1256,"method":"_compile","native":false},{"column":10,"file":"node:internal/modules/cjs/loader","function":"Module._extensions..js","line":1310,"method":".js","native":false},{"column":32,"file":"node:internal/modules/cjs/loader","function":"Module.load","line":1119,"method":"load","native":false},{"column":12,"file":"node:internal/modules/cjs/loader","function":"Module._load","line":960,"method":"_load","native":false},{"column":12,"file":"node:internal/modules/run_main","function":"Function.executeUserEntryPoint [as runMain]","line":81,"method":"executeUserEntryPoint [as runMain]","native":false},{"column":47,"file":"node:internal/main/run_main_module","function":null,"line":23,"method":null,"native":false}]}
error: uncaughtException: msg is not defined
ReferenceError: msg is not defined
    at getMsg (F:\study\test\webHook\utils\winston.js:88:3)
    at Logger.info (F:\study\test\webHook\utils\winston.js:98:24)
    at Object.<anonymous> (F:\study\test\webHook\main.js:7:5)
    at Module._compile (node:internal/modules/cjs/loader:1256:14)
    at Module._extensions..js (node:internal/modules/cjs/loader:1310:10)
    at Module.load (node:internal/modules/cjs/loader:1119:32)
    at Module._load (node:internal/modules/cjs/loader:960:12)
    at Function.executeUserEntryPoint [as runMain] (node:internal/modules/run_main:81:12)
    at node:internal/main/run_main_module:23:47 {"date":"Sun Apr 28 2024 11:28:41 GMT+0800 (中国标准时间)","error":{},"exception":true,"os":{"loadavg":[0,0,0],"uptime":352840.171},"process":{"argv":["D:\\ProgramFiles\\nvm\\nodejs\\node.exe","F:\\study\\test\\webHook\\main.js"],"cwd":"F:\\study\\test\\webHook","execPath":"D:\\ProgramFiles\\nvm\\nodejs\\node.exe","gid":null,"memoryUsage":{"arrayBuffers":287926,"external":1052068,"heapTotal":13221888,"heapUsed":10486496,"rss":44072960},"pid":22220,"uid":null,"version":"v18.17.1"},"stack":"ReferenceError: msg is not defined\n    at getMsg (F:\\study\\test\\webHook\\utils\\winston.js:88:3)\n    at Logger.info (F:\\study\\test\\webHook\\utils\\winston.js:98:24)\n    at Object.<anonymous> (F:\\study\\test\\webHook\\main.js:7:5)\n    at Module._compile (node:internal/modules/cjs/loader:1256:14)\n    at Module._extensions..js (node:internal/modules/cjs/loader:1310:10)\n    at Module.load (node:internal/modules/cjs/loader:1119:32)\n    at Module._load (node:internal/modules/cjs/loader:960:12)\n    at Function.executeUserEntryPoint [as runMain] (node:internal/modules/run_main:81:12)\n    at node:internal/main/run_main_module:23:47","trace":[{"column":3,"file":"F:\\study\\test\\webHook\\utils\\winston.js","function":"getMsg","line":88,"method":null,"native":false},{"column":24,"file":"F:\\study\\test\\webHook\\utils\\winston.js","function":"Logger.info","line":98,"method":"info","native":false},{"column":5,"file":"F:\\study\\test\\webHook\\main.js","function":null,"line":7,"method":null,"native":false},{"column":14,"file":"node:internal/modules/cjs/loader","function":"Module._compile","line":1256,"method":"_compile","native":false},{"column":10,"file":"node:internal/modules/cjs/loader","function":"Module._extensions..js","line":1310,"method":".js","native":false},{"column":32,"file":"node:internal/modules/cjs/loader","function":"Module.load","line":1119,"method":"load","native":false},{"column":12,"file":"node:internal/modules/cjs/loader","function":"Module._load","line":960,"method":"_load","native":false},{"column":12,"file":"node:internal/modules/run_main","function":"Function.executeUserEntryPoint [as runMain]","line":81,"method":"executeUserEntryPoint [as runMain]","native":false},{"column":47,"file":"node:internal/main/run_main_module","function":null,"line":23,"method":null,"native":false}]}
error: uncaughtException: msg is not defined
ReferenceError: msg is not defined
    at getMsg (F:\study\test\webHook\utils\winston.js:88:3)
    at Logger.info (F:\study\test\webHook\utils\winston.js:97:24)
    at Object.<anonymous> (F:\study\test\webHook\main.js:7:5)
    at Module._compile (node:internal/modules/cjs/loader:1256:14)
    at Module._extensions..js (node:internal/modules/cjs/loader:1310:10)
    at Module.load (node:internal/modules/cjs/loader:1119:32)
    at Module._load (node:internal/modules/cjs/loader:960:12)
    at Function.executeUserEntryPoint [as runMain] (node:internal/modules/run_main:81:12)
    at node:internal/main/run_main_module:23:47 {"date":"Sun Apr 28 2024 11:28:42 GMT+0800 (中国标准时间)","error":{},"exception":true,"os":{"loadavg":[0,0,0],"uptime":352841.625},"process":{"argv":["D:\\ProgramFiles\\nvm\\nodejs\\node.exe","F:\\study\\test\\webHook\\main.js"],"cwd":"F:\\study\\test\\webHook","execPath":"D:\\ProgramFiles\\nvm\\nodejs\\node.exe","gid":null,"memoryUsage":{"arrayBuffers":287926,"external":1050968,"heapTotal":13221888,"heapUsed":10309216,"rss":44077056},"pid":17532,"uid":null,"version":"v18.17.1"},"stack":"ReferenceError: msg is not defined\n    at getMsg (F:\\study\\test\\webHook\\utils\\winston.js:88:3)\n    at Logger.info (F:\\study\\test\\webHook\\utils\\winston.js:97:24)\n    at Object.<anonymous> (F:\\study\\test\\webHook\\main.js:7:5)\n    at Module._compile (node:internal/modules/cjs/loader:1256:14)\n    at Module._extensions..js (node:internal/modules/cjs/loader:1310:10)\n    at Module.load (node:internal/modules/cjs/loader:1119:32)\n    at Module._load (node:internal/modules/cjs/loader:960:12)\n    at Function.executeUserEntryPoint [as runMain] (node:internal/modules/run_main:81:12)\n    at node:internal/main/run_main_module:23:47","trace":[{"column":3,"file":"F:\\study\\test\\webHook\\utils\\winston.js","function":"getMsg","line":88,"method":null,"native":false},{"column":24,"file":"F:\\study\\test\\webHook\\utils\\winston.js","function":"Logger.info","line":97,"method":"info","native":false},{"column":5,"file":"F:\\study\\test\\webHook\\main.js","function":null,"line":7,"method":null,"native":false},{"column":14,"file":"node:internal/modules/cjs/loader","function":"Module._compile","line":1256,"method":"_compile","native":false},{"column":10,"file":"node:internal/modules/cjs/loader","function":"Module._extensions..js","line":1310,"method":".js","native":false},{"column":32,"file":"node:internal/modules/cjs/loader","function":"Module.load","line":1119,"method":"load","native":false},{"column":12,"file":"node:internal/modules/cjs/loader","function":"Module._load","line":960,"method":"_load","native":false},{"column":12,"file":"node:internal/modules/run_main","function":"Function.executeUserEntryPoint [as runMain]","line":81,"method":"executeUserEntryPoint [as runMain]","native":false},{"column":47,"file":"node:internal/main/run_main_module","function":null,"line":23,"method":null,"native":false}]}
error: uncaughtException: msg is not defined
ReferenceError: msg is not defined
    at getMsg (F:\study\test\webHook\utils\winston.js:88:3)
    at Logger.info (F:\study\test\webHook\utils\winston.js:98:24)
    at Object.<anonymous> (F:\study\test\webHook\main.js:7:5)
    at Module._compile (node:internal/modules/cjs/loader:1256:14)
    at Module._extensions..js (node:internal/modules/cjs/loader:1310:10)
    at Module.load (node:internal/modules/cjs/loader:1119:32)
    at Module._load (node:internal/modules/cjs/loader:960:12)
    at Function.executeUserEntryPoint [as runMain] (node:internal/modules/run_main:81:12)
    at node:internal/main/run_main_module:23:47 {"date":"Sun Apr 28 2024 11:28:59 GMT+0800 (中国标准时间)","error":{},"exception":true,"os":{"loadavg":[0,0,0],"uptime":352858.484},"process":{"argv":["D:\\ProgramFiles\\nvm\\nodejs\\node.exe","F:\\study\\test\\webHook\\main.js"],"cwd":"F:\\study\\test\\webHook","execPath":"D:\\ProgramFiles\\nvm\\nodejs\\node.exe","gid":null,"memoryUsage":{"arrayBuffers":287926,"external":1050968,"heapTotal":13221888,"heapUsed":10553496,"rss":44150784},"pid":14340,"uid":null,"version":"v18.17.1"},"stack":"ReferenceError: msg is not defined\n    at getMsg (F:\\study\\test\\webHook\\utils\\winston.js:88:3)\n    at Logger.info (F:\\study\\test\\webHook\\utils\\winston.js:98:24)\n    at Object.<anonymous> (F:\\study\\test\\webHook\\main.js:7:5)\n    at Module._compile (node:internal/modules/cjs/loader:1256:14)\n    at Module._extensions..js (node:internal/modules/cjs/loader:1310:10)\n    at Module.load (node:internal/modules/cjs/loader:1119:32)\n    at Module._load (node:internal/modules/cjs/loader:960:12)\n    at Function.executeUserEntryPoint [as runMain] (node:internal/modules/run_main:81:12)\n    at node:internal/main/run_main_module:23:47","trace":[{"column":3,"file":"F:\\study\\test\\webHook\\utils\\winston.js","function":"getMsg","line":88,"method":null,"native":false},{"column":24,"file":"F:\\study\\test\\webHook\\utils\\winston.js","function":"Logger.info","line":98,"method":"info","native":false},{"column":5,"file":"F:\\study\\test\\webHook\\main.js","function":null,"line":7,"method":null,"native":false},{"column":14,"file":"node:internal/modules/cjs/loader","function":"Module._compile","line":1256,"method":"_compile","native":false},{"column":10,"file":"node:internal/modules/cjs/loader","function":"Module._extensions..js","line":1310,"method":".js","native":false},{"column":32,"file":"node:internal/modules/cjs/loader","function":"Module.load","line":1119,"method":"load","native":false},{"column":12,"file":"node:internal/modules/cjs/loader","function":"Module._load","line":960,"method":"_load","native":false},{"column":12,"file":"node:internal/modules/run_main","function":"Function.executeUserEntryPoint [as runMain]","line":81,"method":"executeUserEntryPoint [as runMain]","native":false},{"column":47,"file":"node:internal/main/run_main_module","function":null,"line":23,"method":null,"native":false}]}
error: uncaughtException: msg is not defined
ReferenceError: msg is not defined
    at getMsg (F:\study\test\webHook\utils\winston.js:88:3)
    at Logger.info (F:\study\test\webHook\utils\winston.js:97:24)
    at Object.<anonymous> (F:\study\test\webHook\main.js:7:5)
    at Module._compile (node:internal/modules/cjs/loader:1256:14)
    at Module._extensions..js (node:internal/modules/cjs/loader:1310:10)
    at Module.load (node:internal/modules/cjs/loader:1119:32)
    at Module._load (node:internal/modules/cjs/loader:960:12)
    at Function.executeUserEntryPoint [as runMain] (node:internal/modules/run_main:81:12)
    at node:internal/main/run_main_module:23:47 {"date":"Sun Apr 28 2024 11:29:15 GMT+0800 (中国标准时间)","error":{},"exception":true,"os":{"loadavg":[0,0,0],"uptime":352874.687},"process":{"argv":["D:\\ProgramFiles\\nvm\\nodejs\\node.exe","F:\\study\\test\\webHook\\main.js"],"cwd":"F:\\study\\test\\webHook","execPath":"D:\\ProgramFiles\\nvm\\nodejs\\node.exe","gid":null,"memoryUsage":{"arrayBuffers":287926,"external":1050968,"heapTotal":13221888,"heapUsed":10541512,"rss":44220416},"pid":25200,"uid":null,"version":"v18.17.1"},"stack":"ReferenceError: msg is not defined\n    at getMsg (F:\\study\\test\\webHook\\utils\\winston.js:88:3)\n    at Logger.info (F:\\study\\test\\webHook\\utils\\winston.js:97:24)\n    at Object.<anonymous> (F:\\study\\test\\webHook\\main.js:7:5)\n    at Module._compile (node:internal/modules/cjs/loader:1256:14)\n    at Module._extensions..js (node:internal/modules/cjs/loader:1310:10)\n    at Module.load (node:internal/modules/cjs/loader:1119:32)\n    at Module._load (node:internal/modules/cjs/loader:960:12)\n    at Function.executeUserEntryPoint [as runMain] (node:internal/modules/run_main:81:12)\n    at node:internal/main/run_main_module:23:47","trace":[{"column":3,"file":"F:\\study\\test\\webHook\\utils\\winston.js","function":"getMsg","line":88,"method":null,"native":false},{"column":24,"file":"F:\\study\\test\\webHook\\utils\\winston.js","function":"Logger.info","line":97,"method":"info","native":false},{"column":5,"file":"F:\\study\\test\\webHook\\main.js","function":null,"line":7,"method":null,"native":false},{"column":14,"file":"node:internal/modules/cjs/loader","function":"Module._compile","line":1256,"method":"_compile","native":false},{"column":10,"file":"node:internal/modules/cjs/loader","function":"Module._extensions..js","line":1310,"method":".js","native":false},{"column":32,"file":"node:internal/modules/cjs/loader","function":"Module.load","line":1119,"method":"load","native":false},{"column":12,"file":"node:internal/modules/cjs/loader","function":"Module._load","line":960,"method":"_load","native":false},{"column":12,"file":"node:internal/modules/run_main","function":"Function.executeUserEntryPoint [as runMain]","line":81,"method":"executeUserEntryPoint [as runMain]","native":false},{"column":47,"file":"node:internal/main/run_main_module","function":null,"line":23,"method":null,"native":false}]}
